<?xml version="1.0" encoding="UTF-8"?>
<!-- Generated by org.testng.reporters.JUnitReportReporter -->
<testsuite hostname="FVFHXLRCQ6LR" failures="0" tests="1" name="com.wipro.testcase.Register" time="22.005" errors="0" timestamp="2023-05-18T10:09:49 IST" skipped="0">
  <testcase classname="com.wipro.testcase.Register" name="registrationData" time="22.005"/>
  <system-out/>
</testsuite> <!-- com.wipro.testcase.Register -->
