<?xml version="1.0" encoding="UTF-8"?>
<!-- Generated by org.testng.reporters.JUnitReportReporter -->
<testsuite hostname="DESKTOP-O0KBCH5" failures="0" tests="1" name="com.wipro.testcase.RegisterData" time="16.553" errors="0" timestamp="2023-12-24T20:09:35 IST" skipped="0">
  <testcase classname="com.wipro.testcase.RegisterData" name="registrationData" time="16.553"/>
  <system-out/>
</testsuite> <!-- com.wipro.testcase.RegisterData -->
