<?xml version="1.0" encoding="UTF-8"?>
<!-- Generated by org.testng.reporters.JUnitReportReporter -->
<testsuite hostname="FVFHXLRCQ6LR" failures="0" tests="1" name="com.wipro.testcase.AddressData" time="36.652" errors="0" timestamp="2023-05-18T22:21:38 IST" skipped="0">
  <testcase classname="com.wipro.testcase.AddressData" name="Address" time="36.652"/>
  <system-out/>
</testsuite> <!-- com.wipro.testcase.AddressData -->
