<?xml version="1.0" encoding="UTF-8"?>
<!-- Generated by org.testng.reporters.JUnitReportReporter -->
<testsuite hostname="DESKTOP-O0KBCH5" failures="0" tests="1" name="com.wipro.testcase.ProductData" time="29.670" errors="0" timestamp="2023-09-08T15:53:29 IST" skipped="0">
  <testcase classname="com.wipro.testcase.ProductData" name="productDataHandler" time="29.670"/>
  <system-out/>
</testsuite> <!-- com.wipro.testcase.ProductData -->
